<?xml version="1.0" encoding="UTF-8"?>
<testng-results skipped="0" failed="0" total="1" passed="1">
  <reporter-output>
  </reporter-output>
  <suite name="Default suite" duration-ms="10148" started-at="2019-08-23T05:28:42Z" finished-at="2019-08-23T05:28:53Z">
    <groups>
    </groups>
    <test name="Default test" duration-ms="10148" started-at="2019-08-23T05:28:42Z" finished-at="2019-08-23T05:28:53Z">
      <class name="com.hrms.Testscript.TC_101">
        <test-method status="PASS" signature="login()[pri:0, instance:com.hrms.Testscript.TC_101@1996cd68]" name="login" duration-ms="10130" started-at="2019-08-23T10:58:42Z" finished-at="2019-08-23T10:58:53Z">
          <reporter-output>
          </reporter-output>
        </test-method> <!-- login -->
      </class> <!-- com.hrms.Testscript.TC_101 -->
    </test> <!-- Default test -->
  </suite> <!-- Default suite -->
</testng-results>
