<?xml version="1.0" encoding="UTF-8"?>
<testng-results skipped="0" failed="0" total="4" passed="4">
  <reporter-output>
  </reporter-output>
  <suite name="Default suite" duration-ms="36" started-at="2019-08-21T16:39:44Z" finished-at="2019-08-21T16:39:44Z">
    <groups>
      <group name="Sanity">
        <method signature="Tc_5130.meth2()[pri:0, instance:testNGExamples.Tc_5130@3cd1f1c8]" name="meth2" class="testNGExamples.Tc_5130"/>
        <method signature="Tc_5130.meth4()[pri:0, instance:testNGExamples.Tc_5130@3cd1f1c8]" name="meth4" class="testNGExamples.Tc_5130"/>
      </group> <!-- Sanity -->
      <group name="Regression">
        <method signature="Tc_5130.meth1()[pri:0, instance:testNGExamples.Tc_5130@3cd1f1c8]" name="meth1" class="testNGExamples.Tc_5130"/>
        <method signature="Tc_5130.meth3()[pri:0, instance:testNGExamples.Tc_5130@3cd1f1c8]" name="meth3" class="testNGExamples.Tc_5130"/>
      </group> <!-- Regression -->
    </groups>
    <test name="Default test" duration-ms="36" started-at="2019-08-21T16:39:44Z" finished-at="2019-08-21T16:39:44Z">
      <class name="testNGExamples.Tc_5130">
        <test-method status="PASS" signature="meth1()[pri:0, instance:testNGExamples.Tc_5130@3cd1f1c8]" name="meth1" duration-ms="13" started-at="2019-08-21T22:09:44Z" finished-at="2019-08-21T22:09:44Z">
          <reporter-output>
          </reporter-output>
        </test-method> <!-- meth1 -->
        <test-method status="PASS" signature="meth2()[pri:0, instance:testNGExamples.Tc_5130@3cd1f1c8]" name="meth2" duration-ms="2" started-at="2019-08-21T22:09:44Z" finished-at="2019-08-21T22:09:44Z">
          <reporter-output>
          </reporter-output>
        </test-method> <!-- meth2 -->
        <test-method status="PASS" signature="meth3()[pri:0, instance:testNGExamples.Tc_5130@3cd1f1c8]" name="meth3" duration-ms="1" started-at="2019-08-21T22:09:44Z" finished-at="2019-08-21T22:09:44Z">
          <reporter-output>
          </reporter-output>
        </test-method> <!-- meth3 -->
        <test-method status="PASS" signature="meth4()[pri:0, instance:testNGExamples.Tc_5130@3cd1f1c8]" name="meth4" duration-ms="0" started-at="2019-08-21T22:09:44Z" finished-at="2019-08-21T22:09:44Z">
          <reporter-output>
          </reporter-output>
        </test-method> <!-- meth4 -->
      </class> <!-- testNGExamples.Tc_5130 -->
    </test> <!-- Default test -->
  </suite> <!-- Default suite -->
</testng-results>
